#
# There is insufficient memory for the Java Runtime Environment to continue.
# Native memory allocation (mmap) failed to map 117440512 bytes for Failed to commit area from 0x0000000090800000 to 0x0000000097800000 of length 117440512.
# Possible reasons:
#   The system is out of physical RAM or swap space
#   The process is running with CompressedOops enabled, and the Java Heap may be blocking the growth of the native heap
# Possible solutions:
#   Reduce memory load on the system
#   Increase physical memory or swap space
#   Check if swap backing store is full
#   Decrease Java heap size (-Xmx/-Xms)
#   Decrease number of Java threads
#   Decrease Java thread stack sizes (-Xss)
#   Set larger code cache with -XX:ReservedCodeCacheSize=
# This output file may be truncated or incomplete.
#
#  Out of Memory Error (t:/workspace/open/src/hotspot/os/windows/os_windows.cpp:3264), pid=10352, tid=15912
#
# JRE version:  (12.0.2+10) (build )
# Java VM: Java HotSpot(TM) 64-Bit Server VM (12.0.2+10, mixed mode, aot, sharing, tiered, compressed oops, g1 gc, windows-amd64)
# No core dump will be written. Minidumps are not enabled by default on client versions of Windows
#

---------------  S U M M A R Y ------------

Command Line: -Dfile.encoding=Cp1252 --module-path=E:\Java\ChatBot\bin -Djdk.module.main=ChatBot ChatBot/chatpack.Server

Host: AMD A6-7310 APU with AMD Radeon R4 Graphics    , 4 cores, 6G,  Windows 10 , 64 bit Build 18362 (10.0.18362.959)
Time: Wed Jul 29 04:23:49 2020 India Standard Time elapsed time: 0 seconds (0d 0h 0m 0s)

---------------  T H R E A D  ---------------

Current thread (0x000001e979538000):  JavaThread "Unknown thread" [_thread_in_vm, id=15912, stack(0x0000001328a00000,0x0000001328b00000)]

Stack: [0x0000001328a00000,0x0000001328b00000]
Native frames: (J=compiled Java code, j=interpreted, Vv=VM code, C=native code)
V  [jvm.dll+0x63aa2a]
V  [jvm.dll+0x78ce1e]
V  [jvm.dll+0x78e4c1]
V  [jvm.dll+0x78eb13]
V  [jvm.dll+0x2627e8]
V  [jvm.dll+0x637f5a]
V  [jvm.dll+0x62c845]
V  [jvm.dll+0x31e49c]
V  [jvm.dll+0x31e2cf]
V  [jvm.dll+0x324006]
V  [jvm.dll+0x371f56]
V  [jvm.dll+0x371720]
V  [jvm.dll+0x2f845a]
V  [jvm.dll+0x2f96d2]
V  [jvm.dll+0x767267]
V  [jvm.dll+0x7689f5]
V  [jvm.dll+0x380059]
V  [jvm.dll+0x74b794]
V  [jvm.dll+0x3ef5cd]
V  [jvm.dll+0x3f1471]
C  [jli.dll+0x51cf]
C  [ucrtbase.dll+0x20e82]
C  [KERNEL32.DLL+0x17bd4]
C  [ntdll.dll+0x6ce51]


---------------  P R O C E S S  ---------------

Threads class SMR info:
_java_thread_list=0x00007ff9b3eb7928, length=0, elements={
}

Java Threads: ( => current thread )

Other Threads:
  0x000001e979572000 GCTaskThread "GC Thread#0" [stack: 0x0000001328b00000,0x0000001328c00000] [id=4684]
  0x000001e97957f000 ConcurrentGCThread "G1 Main Marker" [stack: 0x0000001328c00000,0x0000001328d00000] [id=20416]
  0x000001e979582800 ConcurrentGCThread "G1 Conc#0" [stack: 0x0000001328d00000,0x0000001328e00000] [id=632]

[error occurred during error reporting (printing all threads), id 0xc0000005, EXCEPTION_ACCESS_VIOLATION (0xc0000005) at pc=0x00007ff9b36e85e7]

VM state:not at safepoint (not fully initialized)

VM Mutex/Monitor currently owned by a thread:  ([mutex/lock_event])
[0x000001e979534060] Heap_lock - owner thread: 0x000001e979538000

Heap address: 0x0000000090800000, size: 1784 MB, Compressed Oops mode: Non-zero based: 0x0000000090800000
Narrow klass base: 0x0000000000000000, Narrow klass shift: 0

GC Heap History (0 events):
No events

Deoptimization events (0 events):
No events

Classes redefined (0 events):
No events

Internal exceptions (0 events):
No events

Events (0 events):
No events


Dynamic libraries:
0x00007ff774800000 - 0x00007ff77480f000 	C:\Program Files\Java\jdk-12.0.2\bin\javaw.exe
0x00007ff9ed9e0000 - 0x00007ff9edbd0000 	C:\Windows\SYSTEM32\ntdll.dll
0x00007ff9ed500000 - 0x00007ff9ed5b2000 	C:\Windows\System32\KERNEL32.DLL
0x00007ff9eb750000 - 0x00007ff9eb9f4000 	C:\Windows\System32\KERNELBASE.dll
0x00007ff9eb530000 - 0x00007ff9eb62a000 	C:\Windows\System32\ucrtbase.dll
0x00007ff9e2850000 - 0x00007ff9e2866000 	C:\Program Files\Java\jdk-12.0.2\bin\VCRUNTIME140.dll
0x00007ff9db4d0000 - 0x00007ff9db4e8000 	C:\Program Files\Java\jdk-12.0.2\bin\jli.dll
0x00007ff9ec290000 - 0x00007ff9ec333000 	C:\Windows\System32\ADVAPI32.dll
0x00007ff9ec190000 - 0x00007ff9ec22e000 	C:\Windows\System32\msvcrt.dll
0x00007ff9ed320000 - 0x00007ff9ed3b7000 	C:\Windows\System32\sechost.dll
0x00007ff9ecfb0000 - 0x00007ff9ed0d0000 	C:\Windows\System32\RPCRT4.dll
0x00007ff9ec4a0000 - 0x00007ff9ec634000 	C:\Windows\System32\USER32.dll
0x00007ff9ea960000 - 0x00007ff9ea981000 	C:\Windows\System32\win32u.dll
0x00007ff9ecd30000 - 0x00007ff9ecd56000 	C:\Windows\System32\GDI32.dll
0x00007ff9e2250000 - 0x00007ff9e24d4000 	C:\Windows\WinSxS\amd64_microsoft.windows.common-controls_6595b64144ccf1df_6.0.18362.959_none_e6c7bbbf130c62bb\COMCTL32.dll
0x00007ff9ed660000 - 0x00007ff9ed995000 	C:\Windows\System32\combase.dll
0x00007ff9eb120000 - 0x00007ff9eb2b6000 	C:\Windows\System32\gdi32full.dll
0x00007ff9eb6d0000 - 0x00007ff9eb750000 	C:\Windows\System32\bcryptPrimitives.dll
0x00007ff9eb630000 - 0x00007ff9eb6ce000 	C:\Windows\System32\msvcp_win.dll
0x00007ff9e2dd0000 - 0x00007ff9e2dda000 	C:\Windows\SYSTEM32\VERSION.dll
0x00007ff9eba90000 - 0x00007ff9ebabe000 	C:\Windows\System32\IMM32.DLL
0x00007ff9bdb70000 - 0x00007ff9bdc1a000 	C:\Program Files\Java\jdk-12.0.2\bin\msvcp140.dll
0x00007ff9b33e0000 - 0x00007ff9b3f57000 	C:\Program Files\Java\jdk-12.0.2\bin\server\jvm.dll
0x00007ff9ecdf0000 - 0x00007ff9ecdf8000 	C:\Windows\System32\PSAPI.DLL
0x00007ff9e36f0000 - 0x00007ff9e3714000 	C:\Windows\SYSTEM32\WINMM.dll
0x00007ff9e7150000 - 0x00007ff9e7159000 	C:\Windows\SYSTEM32\WSOCK32.dll
0x00007ff9ecd70000 - 0x00007ff9ecddf000 	C:\Windows\System32\WS2_32.dll
0x00007ff9e36c0000 - 0x00007ff9e36ed000 	C:\Windows\SYSTEM32\winmmbase.dll
0x00007ff9eb430000 - 0x00007ff9eb47a000 	C:\Windows\System32\cfgmgr32.dll
0x00007ff9ea8a0000 - 0x00007ff9ea8b1000 	C:\Windows\System32\kernel.appcore.dll
0x00007ff9e27a0000 - 0x00007ff9e27b1000 	C:\Program Files\Java\jdk-12.0.2\bin\verify.dll
0x00007ff9e3970000 - 0x00007ff9e3b64000 	C:\Windows\SYSTEM32\DBGHELP.DLL
0x00007ff9e3940000 - 0x00007ff9e396a000 	C:\Windows\SYSTEM32\dbgcore.DLL
0x00007ff9da410000 - 0x00007ff9da436000 	C:\Program Files\Java\jdk-12.0.2\bin\java.dll
0x00007ff9e1990000 - 0x00007ff9e19a7000 	C:\Program Files\Java\jdk-12.0.2\bin\zip.dll
0x00007ff9e7110000 - 0x00007ff9e711a000 	C:\Program Files\Java\jdk-12.0.2\bin\jimage.dll

dbghelp: loaded successfully - version: 4.0.5 - missing functions: none
symbol engine: initialized successfully - sym options: 0x614 - pdb path: .;C:\Program Files\Java\jdk-12.0.2\bin;C:\Windows\SYSTEM32;C:\Windows\WinSxS\amd64_microsoft.windows.common-controls_6595b64144ccf1df_6.0.18362.959_none_e6c7bbbf130c62bb;C:\Program Files\Java\jdk-12.0.2\bin\server

VM Arguments:
jvm_args: -Dfile.encoding=Cp1252 --module-path=E:\Java\ChatBot\bin -Djdk.module.main=ChatBot 
java_command: ChatBot/chatpack.Server
java_class_path (initial): <not set>
Launcher Type: SUN_STANDARD

[Global flags]
     intx CICompilerCount                          = 3                                         {product} {ergonomic}
     uint ConcGCThreads                            = 1                                         {product} {ergonomic}
     uint G1ConcRefinementThreads                  = 4                                         {product} {ergonomic}
   size_t G1HeapRegionSize                         = 1048576                                   {product} {ergonomic}
    uintx GCDrainStackTargetSize                   = 64                                        {product} {ergonomic}
   size_t InitialHeapSize                          = 117440512                                 {product} {ergonomic}
   size_t MarkStackSize                            = 4194304                                   {product} {ergonomic}
   size_t MaxHeapSize                              = 1870659584                                {product} {ergonomic}
   size_t MinHeapDeltaBytes                        = 1048576                                   {product} {ergonomic}
    uintx NonNMethodCodeHeapSize                   = 5830732                                {pd product} {ergonomic}
    uintx NonProfiledCodeHeapSize                  = 122913754                              {pd product} {ergonomic}
    uintx ProfiledCodeHeapSize                     = 122913754                              {pd product} {ergonomic}
    uintx ReservedCodeCacheSize                    = 251658240                              {pd product} {ergonomic}
     bool SegmentedCodeCache                       = true                                      {product} {ergonomic}
     bool UseCompressedClassPointers               = true                                 {lp64_product} {ergonomic}
     bool UseCompressedOops                        = true                                 {lp64_product} {ergonomic}
     bool UseG1GC                                  = true                                      {product} {ergonomic}
     bool UseLargePagesIndividualAllocation        = false                                  {pd product} {ergonomic}

Logging:
Log output configuration:
 #0: stdout all=warning uptime,level,tags
 #1: stderr all=off uptime,level,tags

Environment Variables:
PATH=C:/Program Files/Java/jdk-12.0.2/bin/server;C:/Program Files/Java/jdk-12.0.2/bin;C:\Windows\system32;C:\Windows;C:\Windows\System32\Wbem;C:\Windows\System32\WindowsPowerShell\v1.0\;C:\Windows\System32\OpenSSH\;C:\Program Files\Java\jdk-12.0.2\bin;C:\Program Files (x86)\Brackets\command;C:\Program Files\Git\cmd;C:\Program Files\nodejs\;C:\Users\Aditya Dhanraj\AppData\Local\Programs\Python\Python38-32\Scripts\;C:\Users\Aditya Dhanraj\AppData\Local\Programs\Python\Python38-32\;C:\Users\Aditya Dhanraj\AppData\Local\Microsoft\WindowsApps;C:\Users\Aditya Dhanraj\AppData\Local\Programs\Microsoft VS Code\bin;C:\Users\Aditya Dhanraj\AppData\Local\GitHubDesktop\bin;C:\Users\Aditya Dhanraj\AppData\Roaming\npm;C:\Windows\System32;
USERNAME=Aditya Dhanraj
OS=Windows_NT
PROCESSOR_IDENTIFIER=AMD64 Family 22 Model 48 Stepping 1, AuthenticAMD



---------------  S Y S T E M  ---------------

OS: Windows 10 , 64 bit Build 18362 (10.0.18362.959)

CPU:total 4 (initial active 4) (4 cores per cpu, 1 threads per core) family 22 model 48 stepping 1, cmov, cx8, fxsr, mmx, sse, sse2, sse3, ssse3, sse4.1, sse4.2, popcnt, avx, aes, clmul, mmxext, 3dnowpref, lzcnt, sse4a, tsc, tscinvbit, tscinv, bmi1

Memory: 4k page, system-wide physical 7130M (508M free)
TotalPageFile size 19858M (AvailPageFile size 55M)
current process WorkingSet (physical memory assigned to process): 9M, peak: 9M
current process commit charge ("private bytes"): 51M, peak: 163M

vm_info: Java HotSpot(TM) 64-Bit Server VM (12.0.2+10) for windows-amd64 JRE (12.0.2+10), built on Jul 16 2019 01:56:17 by "mach5one" with MS VC++ 15.5 (VS2017)

END.
